=== 2026-04-22 15:00:01 ===
🦞 Email Triage Sweep
Account: lance@thecoopbrla.com
Mode: LIVE
Looking back: 1 days | Max messages: 50
==================================================
[ERROR] GOG exception: [Errno 2] No such file or directory: 'gog'
No messages found.

=== 2026-04-22 15:30:00 ===
🦞 Email Triage Sweep
Account: lance@thecoopbrla.com
Mode: LIVE
Looking back: 1 days | Max messages: 50
==================================================
[ERROR] GOG exception: [Errno 2] No such file or directory: 'gog'
No messages found.

=== 2026-04-22 16:00:00 ===
🦞 Email Triage Sweep
Account: lance@thecoopbrla.com
Mode: LIVE
Looking back: 1 days | Max messages: 50
==================================================
[ERROR] GOG exception: [Errno 2] No such file or directory: 'gog'
No messages found.

=== 2026-04-22 16:30:00 ===
🦞 Email Triage Sweep
Account: lance@thecoopbrla.com
Mode: LIVE
Looking back: 1 days | Max messages: 50
==================================================
[ERROR] GOG exception: [Errno 2] No such file or directory: 'gog'
No messages found.

=== 2026-04-22 17:00:00 ===
🦞 Email Triage Sweep
Account: lance@thecoopbrla.com
Mode: LIVE
Looking back: 1 days | Max messages: 50
==================================================
[ERROR] GOG exception: [Errno 2] No such file or directory: 'gog'
No messages found.

=== 2026-04-22 17:30:00 ===
🦞 Email Triage Sweep
Account: lance@thecoopbrla.com
Mode: LIVE
Looking back: 1 days | Max messages: 50
==================================================
[ERROR] GOG exception: [Errno 2] No such file or directory: 'gog'
No messages found.

=== 2026-04-22 18:00:00 ===
🦞 Email Triage Sweep
Account: lance@thecoopbrla.com
Mode: LIVE
Looking back: 1 days | Max messages: 50
==================================================
[ERROR] GOG exception: [Errno 2] No such file or directory: 'gog'
No messages found.

=== 2026-04-22 18:30:00 ===
🦞 Email Triage Sweep
Account: lance@thecoopbrla.com
Mode: LIVE
Looking back: 1 days | Max messages: 50
==================================================
[ERROR] GOG exception: [Errno 2] No such file or directory: 'gog'
No messages found.

=== 2026-04-22 19:00:00 ===
🦞 Email Triage Sweep
Account: lance@thecoopbrla.com
Mode: LIVE
Looking back: 1 days | Max messages: 50
==================================================
[ERROR] GOG exception: [Errno 2] No such file or directory: 'gog'
No messages found.

=== 2026-04-22 19:30:00 ===
🦞 Email Triage Sweep
Account: lance@thecoopbrla.com
Mode: LIVE
Looking back: 1 days | Max messages: 50
==================================================
[ERROR] GOG exception: [Errno 2] No such file or directory: 'gog'
No messages found.

=== 2026-04-22 20:00:00 ===
🦞 Email Triage Sweep
Account: lance@thecoopbrla.com
Mode: LIVE
Looking back: 1 days | Max messages: 50
==================================================
[ERROR] GOG exception: [Errno 2] No such file or directory: 'gog'
No messages found.

